<?xml version="1.0" encoding="UTF-8"?>
<testng-results skipped="0" failed="0" total="1" passed="1">
  <reporter-output>
  </reporter-output>
  <suite name="Default suite" duration-ms="194259" started-at="2017-03-01T15:53:14Z" finished-at="2017-03-01T15:56:28Z">
    <groups>
    </groups>
    <test name="Default test" duration-ms="194259" started-at="2017-03-01T15:53:14Z" finished-at="2017-03-01T15:56:28Z">
      <class name="com.sms.DBTesting.SMSRouteTests">
        <test-method status="PASS" signature="setUp()[pri:0, instance:com.sms.DBTesting.SMSRouteTests@c7b7af9]" name="setUp" is-config="true" duration-ms="13587" started-at="2017-03-01T15:53:14Z" finished-at="2017-03-01T15:53:27Z">
        </test-method> <!-- setUp -->
        <test-method status="PASS" signature="TC_Batch1_testVerifyTwoHrsBeforeConfirmationSMSForLabApptToPatient()[pri:0, instance:com.sms.DBTesting.SMSRouteTests@c7b7af9]" name="TC_Batch1_testVerifyTwoHrsBeforeConfirmationSMSForLabApptToPatient" duration-ms="177484" started-at="2017-03-01T15:53:27Z" finished-at="2017-03-01T15:56:25Z">
        </test-method> <!-- TC_Batch1_testVerifyTwoHrsBeforeConfirmationSMSForLabApptToPatient -->
        <test-method status="PASS" signature="tearDown()[pri:0, instance:com.sms.DBTesting.SMSRouteTests@c7b7af9]" name="tearDown" is-config="true" duration-ms="3159" started-at="2017-03-01T15:56:25Z" finished-at="2017-03-01T15:56:28Z">
        </test-method> <!-- tearDown -->
      </class> <!-- com.sms.DBTesting.SMSRouteTests -->
    </test> <!-- Default test -->
  </suite> <!-- Default suite -->
</testng-results>
